
  You can now view your Streamlit app in your browser.

  URL: http://0.0.0.0:8501

  For better performance, install the Watchdog module:

  $ xcode-select --install
  $ pip install watchdog
            
2026-03-05 12:28:21.045 Uncaught app execution
Traceback (most recent call last):
  File "/Users/catalin/Antigravity/rapoartedooh/.venv/lib/python3.13/site-packages/streamlit/runtime/scriptrunner/exec_code.py", line 129, in exec_func_with_error_handling
    result = func()
  File "/Users/catalin/Antigravity/rapoartedooh/.venv/lib/python3.13/site-packages/streamlit/runtime/scriptrunner/script_runner.py", line 669, in code_to_exec
    _mpa_v1(self._main_script_path)
    ~~~~~~~^^^^^^^^^^^^^^^^^^^^^^^^
  File "/Users/catalin/Antigravity/rapoartedooh/.venv/lib/python3.13/site-packages/streamlit/runtime/scriptrunner/script_runner.py", line 165, in _mpa_v1
    page.run()
    ~~~~~~~~^^
  File "/Users/catalin/Antigravity/rapoartedooh/.venv/lib/python3.13/site-packages/streamlit/navigation/page.py", line 310, in run
    exec(code, module.__dict__)  # noqa: S102
    ~~~~^^^^^^^^^^^^^^^^^^^^^^^
  File "/Users/catalin/Antigravity/rapoartedooh/web_app/pages/1_Campaigns.py", line 28, in <module>
    from src.data.report_storage import ReportStorage
  File "/Users/catalin/Antigravity/rapoartedooh/src/data/report_storage.py", line 6, in <module>
    from src.data.models import GeneratedReport, Campaign
ImportError: cannot import name 'GeneratedReport' from 'src.data.models' (/Users/catalin/Antigravity/rapoartedooh/src/data/models.py)
2026-03-05 12:28:25.891 Uncaught app execution
Traceback (most recent call last):
  File "/Users/catalin/Antigravity/rapoartedooh/.venv/lib/python3.13/site-packages/streamlit/runtime/scriptrunner/exec_code.py", line 129, in exec_func_with_error_handling
    result = func()
  File "/Users/catalin/Antigravity/rapoartedooh/.venv/lib/python3.13/site-packages/streamlit/runtime/scriptrunner/script_runner.py", line 669, in code_to_exec
    _mpa_v1(self._main_script_path)
    ~~~~~~~^^^^^^^^^^^^^^^^^^^^^^^^
  File "/Users/catalin/Antigravity/rapoartedooh/.venv/lib/python3.13/site-packages/streamlit/runtime/scriptrunner/script_runner.py", line 165, in _mpa_v1
    page.run()
    ~~~~~~~~^^
  File "/Users/catalin/Antigravity/rapoartedooh/.venv/lib/python3.13/site-packages/streamlit/navigation/page.py", line 310, in run
    exec(code, module.__dict__)  # noqa: S102
    ~~~~^^^^^^^^^^^^^^^^^^^^^^^
  File "/Users/catalin/Antigravity/rapoartedooh/web_app/pages/1_Campaigns.py", line 28, in <module>
    from src.data.report_storage import ReportStorage
  File "/Users/catalin/Antigravity/rapoartedooh/src/data/report_storage.py", line 6, in <module>
    from src.data.models import GeneratedReport, Campaign
ImportError: cannot import name 'GeneratedReport' from 'src.data.models' (/Users/catalin/Antigravity/rapoartedooh/src/data/models.py)
DEBUG SAVE: Aurora Marchet - estimare | budget: 4580.0 | cost_km: 0.0
DEBUG SAVE: Aurora Marchet - estimare | budget: 1200.0 | cost_km: 0.0
DEBUG SAVE: Aurora Marchet - estimare | budget: 1200.0 | cost_km: 28.0
DEBUG SAVE: Aurora Marchet - estimare | budget: 1200.0 | cost_km: 28.0
DEBUG SAVE: Aurora Marchet - estimare | budget: 1200.0 | cost_km: 28.0
DEBUG SAVE: Aurora Marchet - estimare | budget: 1200.0 | cost_km: 28.0
DEBUG SAVE: Aurora Marchet - estimare | budget: 1200.0 | cost_km: 28.0
  Stopping...
